<?xml version="1.0" encoding="UTF-8"?>
<!-- Generated by org.testng.reporters.JUnitXMLReporter -->
<testsuite hostname="Users-MacBook-Pro.local" ignored="1" name="hub spot Sanity Test" tests="6" failures="0" timestamp="03 Dec 2019 01:44:29 GMT" time="97.22" errors="0">
  <testcase name="loginTitle" time="0.02" classname="com.hubspot.test.LoginPageTest"/>
  <testcase name="verifyHomePageTitleTest" time="0.048" classname="com.hubspot.test.HomePageTest"/>
  <testcase name="login" time="6.618" classname="com.hubspot.test.LoginPageTest"/>
  <testcase name="verifyHomePageHeaderTest" time="0.666" classname="com.hubspot.test.HomePageTest"/>
  <testcase name="loginValidInfo" time="6.636" classname="com.hubspot.test.LoginPageTest"/>
  <testcase name="verifyLoggedInUserInfo" time="0.646" classname="com.hubspot.test.HomePageTest"/>
  <testcase name="inValidLogin" time="0.0" classname="com.hubspot.test.LoginPageTest">
    <ignored/>
  </testcase> <!-- inValidLogin -->
</testsuite> <!-- hub spot Sanity Test -->
