<?xml version="1.0" encoding="UTF-8"?>
<!-- Generated by org.testng.reporters.JUnitXMLReporter -->
<testsuite hostname="Users-MacBook-Pro.local" ignored="3" name="Default test" tests="1" failures="0" timestamp="03 Dec 2019 02:18:24 GMT" time="20.019" errors="0">
  <testcase name="loginValidInfo" time="6.657" classname="com.hubspot.test.LoginPageTest"/>
  <testcase name="login" time="0.0" classname="com.hubspot.test.LoginPageTest">
    <ignored/>
  </testcase> <!-- login -->
  <testcase name="loginTitle" time="0.0" classname="com.hubspot.test.LoginPageTest">
    <ignored/>
  </testcase> <!-- loginTitle -->
  <testcase name="inValidLogin" time="0.0" classname="com.hubspot.test.LoginPageTest">
    <ignored/>
  </testcase> <!-- inValidLogin -->
</testsuite> <!-- Default test -->
