<?xml version="1.0" encoding="UTF-8"?>
<testng-results skipped="0" failed="0" ignored="3" total="4" passed="1">
  <reporter-output>
  </reporter-output>
  <suite name="Default suite" duration-ms="20019" started-at="2019-12-03T02:18:04Z" finished-at="2019-12-03T02:18:24Z">
    <groups>
    </groups>
    <test name="Default test" duration-ms="20019" started-at="2019-12-03T02:18:04Z" finished-at="2019-12-03T02:18:24Z">
      <class name="com.hubspot.test.LoginPageTest">
        <test-method status="PASS" signature="setUp()[pri:0, instance:com.hubspot.test.LoginPageTest@15fc442]" name="setUp" is-config="true" duration-ms="12831" started-at="2019-12-03T02:18:04Z" finished-at="2019-12-03T02:18:17Z">
          <reporter-output>
          </reporter-output>
        </test-method> <!-- setUp -->
        <test-method status="PASS" signature="loginValidInfo()[pri:3, instance:com.hubspot.test.LoginPageTest@15fc442]" name="loginValidInfo" duration-ms="6657" started-at="2019-12-03T02:18:17Z" description="Ismail Valid username and valid password" finished-at="2019-12-03T02:18:24Z">
          <reporter-output>
          </reporter-output>
        </test-method> <!-- loginValidInfo -->
        <test-method status="PASS" signature="tearDown()[pri:0, instance:com.hubspot.test.LoginPageTest@15fc442]" name="tearDown" is-config="true" duration-ms="100" started-at="2019-12-03T02:18:24Z" finished-at="2019-12-03T02:18:24Z">
          <reporter-output>
          </reporter-output>
        </test-method> <!-- tearDown -->
      </class> <!-- com.hubspot.test.LoginPageTest -->
    </test> <!-- Default test -->
  </suite> <!-- Default suite -->
</testng-results>
